#
# There is insufficient memory for the Java Runtime Environment to continue.
# Native memory allocation (mmap) failed to map 134217728 bytes for Failed to commit area from 0x0000000081c00000 to 0x0000000089c00000 of length 134217728.
# Possible reasons:
#   The system is out of physical RAM or swap space
#   The process is running with CompressedOops enabled, and the Java Heap may be blocking the growth of the native heap
# Possible solutions:
#   Reduce memory load on the system
#   Increase physical memory or swap space
#   Check if swap backing store is full
#   Decrease Java heap size (-Xmx/-Xms)
#   Decrease number of Java threads
#   Decrease Java thread stack sizes (-Xss)
#   Set larger code cache with -XX:ReservedCodeCacheSize=
# This output file may be truncated or incomplete.
#
#  Out of Memory Error (c:/cygwin64/tmp/openjdk-jdk11u-windows-x64-hotspot/workspace/build/src/src/hotspot/os/windows/os_windows.cpp:3296), pid=1628, tid=12832
#
# JRE version:  (11.0.6+10) (build )
# Java VM: OpenJDK 64-Bit Server VM (11.0.6+10, mixed mode, sharing, tiered, compressed oops, g1 gc, windows-amd64)
# No core dump will be written. Minidumps are not enabled by default on client versions of Windows
#

---------------  S U M M A R Y ------------

Command Line: -Dmaven.multiModuleProjectDirectory=C:\Users\jmier\IdeaProjects\finalapp22 -Dmaven.home=C:\Users\jmier\.m2\wrapper\dists\apache-maven-3.6.3-bin\1iopthnavndlasol9gbrbg6bf2\apache-maven-3.6.3 -Dclassworlds.conf=C:\Users\jmier\.m2\wrapper\dists\apache-maven-3.6.3-bin\1iopthnavndlasol9gbrbg6bf2\apache-maven-3.6.3\bin\m2.conf -Dmaven.ext.class.path=C:\Program Files\JetBrains\IntelliJ IDEA 2020.2.2.0\plugins\maven\lib\maven-event-listener.jar -javaagent:C:\Program Files\JetBrains\IntelliJ IDEA 2020.2.2.0\lib\idea_rt.jar=62223:C:\Program Files\JetBrains\IntelliJ IDEA 2020.2.2.0\bin -Dfile.encoding=UTF-8 org.codehaus.classworlds.Launcher -Didea.version=2020.2.2 clean install

Host: Intel(R) Core(TM) i5-8250U CPU @ 1.60GHz, 8 cores, 7G,  Windows 10 , 64 bit Build 19041 (10.0.19041.662)
Time: Sat Dec 19 22:26:42 2020 Œrodkowoeuropejski czas stand. elapsed time: 0 seconds (0d 0h 0m 0s)

---------------  T H R E A D  ---------------

Current thread (0x000001d76dd6d800):  JavaThread "Unknown thread" [_thread_in_vm, id=12832, stack(0x00000019a4d00000,0x00000019a4e00000)]

Stack: [0x00000019a4d00000,0x00000019a4e00000]
Native frames: (J=compiled Java code, j=interpreted, Vv=VM code, C=native code)
V  [jvm.dll+0x5db25a]
V  [jvm.dll+0x7111de]
V  [jvm.dll+0x712877]
V  [jvm.dll+0x712f43]
V  [jvm.dll+0x23fe78]
V  [jvm.dll+0x5d854a]
V  [jvm.dll+0x5cd2c5]
V  [jvm.dll+0x2f52fc]
V  [jvm.dll+0x2f5182]
V  [jvm.dll+0x2f9e36]
V  [jvm.dll+0x33b57f]
V  [jvm.dll+0x33afb0]
V  [jvm.dll+0x2d2708]
V  [jvm.dll+0x2d3856]
V  [jvm.dll+0x6eced7]
V  [jvm.dll+0x6ee65f]
V  [jvm.dll+0x348309]
V  [jvm.dll+0x6d14e0]
V  [jvm.dll+0x3afe7f]
V  [jvm.dll+0x3b24c1]
C  [jli.dll+0x51fb]
C  [ucrtbase.dll+0x214c2]
C  [KERNEL32.DLL+0x17034]
C  [ntdll.dll+0x4d0d1]


---------------  P R O C E S S  ---------------

Threads class SMR info:
_java_thread_list=0x000001d76bc90b50, length=0, elements={
}

Java Threads: ( => current thread )

Other Threads:
  0x000001d76dd85000 GCTaskThread "GC Thread#0" [stack: 0x00000019a4e00000,0x00000019a4f00000] [id=18272]
  0x000001d76ddba000 ConcurrentGCThread "G1 Main Marker" [stack: 0x00000019a4f00000,0x00000019a5000000] [id=7040]
  0x000001d76ddbb800 ConcurrentGCThread "G1 Conc#0" [stack: 0x00000019a5000000,0x00000019a5100000] [id=17140]

[error occurred during error reporting (printing all threads), id 0xc0000005, EXCEPTION_ACCESS_VIOLATION (0xc0000005) at pc=0x00007ffd65041d57]

VM state:not at safepoint (not fully initialized)

VM Mutex/Monitor currently owned by a thread:  ([mutex/lock_event])
[0x000001d76dd6a080] Heap_lock - owner thread: 0x000001d76dd6d800

Heap address: 0x0000000081c00000, size: 2020 MB, Compressed Oops mode: Non-zero based: 0x0000000081c00000
Narrow klass base: 0x0000000000000000, Narrow klass shift: 0

GC Heap History (0 events):
No events

Deoptimization events (0 events):
No events

Classes redefined (0 events):
No events

Internal exceptions (0 events):
No events

Events (2 events):
Event: 0.022 Loaded shared library C:\Program Files\AdoptOpenJDK\jdk-11.0.6.10-hotspot\bin\zip.dll
Event: 0.023 Loaded shared library C:\Program Files\AdoptOpenJDK\jdk-11.0.6.10-hotspot\bin\jimage.dll


Dynamic libraries:
0x00007ff780c10000 - 0x00007ff780c1d000 	C:\Program Files\AdoptOpenJDK\jdk-11.0.6.10-hotspot\bin\java.exe
0x00007ffdb65d0000 - 0x00007ffdb67c6000 	C:\WINDOWS\SYSTEM32\ntdll.dll
0x00007ffd81080000 - 0x00007ffd81092000 	C:\Program Files\Avast Software\Avast\aswhook.dll
0x00007ffdb5b40000 - 0x00007ffdb5bfd000 	C:\WINDOWS\System32\KERNEL32.DLL
0x00007ffdb3dc0000 - 0x00007ffdb4089000 	C:\WINDOWS\System32\KERNELBASE.dll
0x00007ffdb4440000 - 0x00007ffdb4540000 	C:\WINDOWS\System32\ucrtbase.dll
0x00007ffdae110000 - 0x00007ffdae127000 	C:\Program Files\AdoptOpenJDK\jdk-11.0.6.10-hotspot\bin\jli.dll
0x00007ffdb4900000 - 0x00007ffdb4aa0000 	C:\WINDOWS\System32\USER32.dll
0x00007ffdb41d0000 - 0x00007ffdb41f2000 	C:\WINDOWS\System32\win32u.dll
0x00007ffdb57c0000 - 0x00007ffdb57ea000 	C:\WINDOWS\System32\GDI32.dll
0x00007ffdb4090000 - 0x00007ffdb4199000 	C:\WINDOWS\System32\gdi32full.dll
0x00007ffdb4590000 - 0x00007ffdb462d000 	C:\WINDOWS\System32\msvcp_win.dll
0x00007ffdad5a0000 - 0x00007ffdad5b6000 	C:\Program Files\AdoptOpenJDK\jdk-11.0.6.10-hotspot\bin\VCRUNTIME140.dll
0x00007ffd806d0000 - 0x00007ffd8096b000 	C:\WINDOWS\WinSxS\amd64_microsoft.windows.common-controls_6595b64144ccf1df_6.0.19041.488_none_ca04af081b815d21\COMCTL32.dll
0x00007ffdb5a00000 - 0x00007ffdb5a9e000 	C:\WINDOWS\System32\msvcrt.dll
0x00007ffdb4870000 - 0x00007ffdb48a0000 	C:\WINDOWS\System32\IMM32.DLL
0x00007ffda9650000 - 0x00007ffda96eb000 	C:\Program Files\AdoptOpenJDK\jdk-11.0.6.10-hotspot\bin\msvcp140.dll
0x00007ffd64d60000 - 0x00007ffd6581c000 	C:\Program Files\AdoptOpenJDK\jdk-11.0.6.10-hotspot\bin\server\jvm.dll
0x00007ffdb4630000 - 0x00007ffdb46dc000 	C:\WINDOWS\System32\ADVAPI32.dll
0x00007ffdb62d0000 - 0x00007ffdb636c000 	C:\WINDOWS\System32\sechost.dll
0x00007ffdb4740000 - 0x00007ffdb486b000 	C:\WINDOWS\System32\RPCRT4.dll
0x00007ffdb52a0000 - 0x00007ffdb52a8000 	C:\WINDOWS\System32\PSAPI.DLL
0x00007ffda87d0000 - 0x00007ffda87d9000 	C:\WINDOWS\SYSTEM32\WSOCK32.dll
0x00007ffdb6490000 - 0x00007ffdb64fb000 	C:\WINDOWS\System32\WS2_32.dll
0x00007ffda81c0000 - 0x00007ffda81e7000 	C:\WINDOWS\SYSTEM32\WINMM.dll
0x00007ffdacb80000 - 0x00007ffdacb8a000 	C:\WINDOWS\SYSTEM32\VERSION.dll
0x00007ffdb2890000 - 0x00007ffdb28a2000 	C:\WINDOWS\SYSTEM32\kernel.appcore.dll
0x00007ffdaefb0000 - 0x00007ffdaefc0000 	C:\Program Files\AdoptOpenJDK\jdk-11.0.6.10-hotspot\bin\verify.dll
0x00007ffdb2300000 - 0x00007ffdb24e4000 	C:\WINDOWS\SYSTEM32\DBGHELP.DLL
0x00007ffdac010000 - 0x00007ffdac03c000 	C:\WINDOWS\SYSTEM32\dbgcore.DLL
0x00007ffdb4360000 - 0x00007ffdb43e0000 	C:\WINDOWS\System32\bcryptPrimitives.dll
0x00007ffdabb90000 - 0x00007ffdabbb8000 	C:\Program Files\AdoptOpenJDK\jdk-11.0.6.10-hotspot\bin\java.dll
0x00007ffdadf30000 - 0x00007ffdadf3e000 	C:\Program Files\AdoptOpenJDK\jdk-11.0.6.10-hotspot\bin\instrument.dll
0x00007ffdad580000 - 0x00007ffdad597000 	C:\Program Files\AdoptOpenJDK\jdk-11.0.6.10-hotspot\bin\zip.dll
0x00007ffdae160000 - 0x00007ffdae16a000 	C:\Program Files\AdoptOpenJDK\jdk-11.0.6.10-hotspot\bin\jimage.dll

dbghelp: loaded successfully - version: 4.0.5 - missing functions: none
symbol engine: initialized successfully - sym options: 0x614 - pdb path: .;C:\Program Files\AdoptOpenJDK\jdk-11.0.6.10-hotspot\bin;C:\WINDOWS\SYSTEM32;C:\Program Files\Avast Software\Avast;C:\WINDOWS\WinSxS\amd64_microsoft.windows.common-controls_6595b64144ccf1df_6.0.19041.488_none_ca04af081b815d21;C:\Program Files\AdoptOpenJDK\jdk-11.0.6.10-hotspot\bin\server

VM Arguments:
jvm_args: -Dmaven.multiModuleProjectDirectory=C:\Users\jmier\IdeaProjects\finalapp22 -Dmaven.home=C:\Users\jmier\.m2\wrapper\dists\apache-maven-3.6.3-bin\1iopthnavndlasol9gbrbg6bf2\apache-maven-3.6.3 -Dclassworlds.conf=C:\Users\jmier\.m2\wrapper\dists\apache-maven-3.6.3-bin\1iopthnavndlasol9gbrbg6bf2\apache-maven-3.6.3\bin\m2.conf -Dmaven.ext.class.path=C:\Program Files\JetBrains\IntelliJ IDEA 2020.2.2.0\plugins\maven\lib\maven-event-listener.jar -javaagent:C:\Program Files\JetBrains\IntelliJ IDEA 2020.2.2.0\lib\idea_rt.jar=62223:C:\Program Files\JetBrains\IntelliJ IDEA 2020.2.2.0\bin -Dfile.encoding=UTF-8 
java_command: org.codehaus.classworlds.Launcher -Didea.version=2020.2.2 clean install
java_class_path (initial): C:\Users\jmier\.m2\wrapper\dists\apache-maven-3.6.3-bin\1iopthnavndlasol9gbrbg6bf2\apache-maven-3.6.3\boot\plexus-classworlds-2.6.0.jar;C:\Users\jmier\.m2\wrapper\dists\apache-maven-3.6.3-bin\1iopthnavndlasol9gbrbg6bf2\apache-maven-3.6.3\boot\plexus-classworlds.license
Launcher Type: SUN_STANDARD

[Global flags]
     intx CICompilerCount                          = 4                                         {product} {ergonomic}
     uint ConcGCThreads                            = 2                                         {product} {ergonomic}
     uint G1ConcRefinementThreads                  = 8                                         {product} {ergonomic}
   size_t G1HeapRegionSize                         = 1048576                                   {product} {ergonomic}
    uintx GCDrainStackTargetSize                   = 64                                        {product} {ergonomic}
   size_t InitialHeapSize                          = 134217728                                 {product} {ergonomic}
   size_t MarkStackSize                            = 4194304                                   {product} {ergonomic}
   size_t MaxHeapSize                              = 2118123520                                {product} {ergonomic}
   size_t MinHeapDeltaBytes                        = 1048576                                   {product} {ergonomic}
    uintx NonNMethodCodeHeapSize                   = 5836300                                {pd product} {ergonomic}
    uintx NonProfiledCodeHeapSize                  = 122910970                              {pd product} {ergonomic}
    uintx ProfiledCodeHeapSize                     = 122910970                              {pd product} {ergonomic}
    uintx ReservedCodeCacheSize                    = 251658240                              {pd product} {ergonomic}
     bool SegmentedCodeCache                       = true                                      {product} {ergonomic}
     bool UseCompressedClassPointers               = true                                 {lp64_product} {ergonomic}
     bool UseCompressedOops                        = true                                 {lp64_product} {ergonomic}
     bool UseG1GC                                  = true                                      {product} {ergonomic}
     bool UseLargePagesIndividualAllocation        = false                                  {pd product} {ergonomic}

Logging:
Log output configuration:
 #0: stdout all=warning uptime,level,tags
 #1: stderr all=off uptime,level,tags

Environment Variables:
JAVA_HOME=C:\Program Files\AdoptOpenJDK\jdk-11.0.6.10-hotspot\
PATH=C:\Program Files\AdoptOpenJDK\jdk-11.0.6.10-hotspot\bin;C:\PROGRA~2\Borland\CBUILD~1\Bin;C:\PROGRA~2\Borland\CBUILD~1\Projects\Bpl;C:\Program Files (x86)\Intel\iCLS Client\;C:\Program Files\Intel\iCLS Client\;C:\WINDOWS\system32;C:\WINDOWS;C:\WINDOWS\System32\Wbem;C:\WINDOWS\System32\WindowsPowerShell\v1.0\;C:\Program Files (x86)\Intel\Intel(R) Management Engine Components\DAL;C:\Program Files\Intel\Intel(R) Management Engine Components\DAL;C:\Program Files (x86)\Intel\Intel(R) Management Engine Components\IPT;C:\Program Files\Intel\Intel(R) Management Engine Components\IPT;C:\WINDOWS\System32\OpenSSH\;C:\Program Files\Intel\WiFi\bin\;C:\Program Files\Common Files\Intel\WirelessCommon\;C:\Program Files\Git\cmd;C:\Users\jmier\Desktop\Java\apache-maven-3.6.3\bin;C:\Program Files (x86)\Microsoft SQL Server\150\DTS\Binn\;C:\Program Files\Microsoft SQL Server\Client SDK\ODBC\170\Tools\Binn\;C:\Program Files (x86)\Microsoft SQL Server\150\Tools\Binn\;C:\Program Files\Microsoft SQL Server\150\Tools\Binn\;C:\Program Files\Microsoft SQL Server\150\DTS\Binn\;C:\Program Files\nodejs\;C:\Program Files\MySQL\MySQL Shell 8.0\bin\;C:\Users\jmier\AppData\Local\Microsoft\WindowsApps;C:\Users\jmier\Desktop\Java\apache-maven-3.6.3\bin;C:\Users\jmier\AppData\Roaming\npm
USERNAME=jmier
OS=Windows_NT
PROCESSOR_IDENTIFIER=Intel64 Family 6 Model 142 Stepping 10, GenuineIntel



---------------  S Y S T E M  ---------------

OS: Windows 10 , 64 bit Build 19041 (10.0.19041.662)

CPU:total 8 (initial active 8) (4 cores per cpu, 2 threads per core) family 6 model 142 stepping 10, cmov, cx8, fxsr, mmx, sse, sse2, sse3, ssse3, sse4.1, sse4.2, popcnt, avx, avx2, aes, clmul, erms, 3dnowpref, lzcnt, ht, tsc, tscinvbit, bmi1, bmi2, adx, fma

Memory: 4k page, system-wide physical 8078M (357M free)
TotalPageFile size 12174M (AvailPageFile size 67M)
current process WorkingSet (physical memory assigned to process): 10M, peak: 10M
current process commit charge ("private bytes"): 60M, peak: 188M

vm_info: OpenJDK 64-Bit Server VM (11.0.6+10) for windows-amd64 JRE (11.0.6+10), built on Jan 15 2020 06:14:58 by "" with MS VC++ 15.8 (VS2017)

END.
